
*** Running vivado
    with args -log Main.vds -m64 -product Vivado -mode batch -messageDb vivado.pb -notrace -source Main.tcl


****** Vivado v2016.4 (64-bit)
  **** SW Build 1756540 on Mon Jan 23 19:11:23 MST 2017
  **** IP Build 1755317 on Mon Jan 23 20:30:07 MST 2017
    ** Copyright 1986-2016 Xilinx, Inc. All Rights Reserved.

source Main.tcl -notrace
Command: synth_design -top Main -part xc7a35tcpg236-1
Starting synth_design
Attempting to get a license for feature 'Synthesis' and/or device 'xc7a35t'
INFO: [Common 17-349] Got license for feature 'Synthesis' and/or device 'xc7a35t'
INFO: Launching helper process for spawning children vivado processes
INFO: Helper process launched with PID 25364 
---------------------------------------------------------------------------------
Starting RTL Elaboration : Time (s): cpu = 00:00:02 ; elapsed = 00:00:07 . Memory (MB): peak = 282.191 ; gain = 71.820
---------------------------------------------------------------------------------
INFO: [Synth 8-638] synthesizing module 'Main' [C:/Users/ioana/Vivado_pro/MIPS_UniCiclu/MIPS_UniCiclu.srcs/sources_1/new/Main.vhd:24]
INFO: [Synth 8-3491] module 'IFF' declared at 'C:/Users/ioana/Vivado_pro/MIPS_UniCiclu/MIPS_UniCiclu.srcs/sources_1/new/IFF.vhd:15' bound to instance 'ciff' of component 'IFF' [C:/Users/ioana/Vivado_pro/MIPS_UniCiclu/MIPS_UniCiclu.srcs/sources_1/new/Main.vhd:123]
INFO: [Synth 8-638] synthesizing module 'IFF' [C:/Users/ioana/Vivado_pro/MIPS_UniCiclu/MIPS_UniCiclu.srcs/sources_1/new/IFF.vhd:27]
INFO: [Synth 8-256] done synthesizing module 'IFF' (1#1) [C:/Users/ioana/Vivado_pro/MIPS_UniCiclu/MIPS_UniCiclu.srcs/sources_1/new/IFF.vhd:27]
INFO: [Synth 8-3491] module 'SSD' declared at 'C:/Users/ioana/Vivado_pro/MIPS_UniCiclu/MIPS_UniCiclu.srcs/sources_1/new/SSD.vhd:35' bound to instance 'afis' of component 'SSD' [C:/Users/ioana/Vivado_pro/MIPS_UniCiclu/MIPS_UniCiclu.srcs/sources_1/new/Main.vhd:124]
INFO: [Synth 8-638] synthesizing module 'SSD' [C:/Users/ioana/Vivado_pro/MIPS_UniCiclu/MIPS_UniCiclu.srcs/sources_1/new/SSD.vhd:45]
INFO: [Synth 8-226] default block is never used [C:/Users/ioana/Vivado_pro/MIPS_UniCiclu/MIPS_UniCiclu.srcs/sources_1/new/SSD.vhd:61]
INFO: [Synth 8-226] default block is never used [C:/Users/ioana/Vivado_pro/MIPS_UniCiclu/MIPS_UniCiclu.srcs/sources_1/new/SSD.vhd:74]
INFO: [Synth 8-256] done synthesizing module 'SSD' (2#1) [C:/Users/ioana/Vivado_pro/MIPS_UniCiclu/MIPS_UniCiclu.srcs/sources_1/new/SSD.vhd:45]
INFO: [Synth 8-3491] module 'MPG' declared at 'C:/Users/ioana/Vivado_pro/MIPS_UniCiclu/MIPS_UniCiclu.srcs/sources_1/new/MPG.vhd:16' bound to instance 'clock' of component 'MPG' [C:/Users/ioana/Vivado_pro/MIPS_UniCiclu/MIPS_UniCiclu.srcs/sources_1/new/Main.vhd:125]
INFO: [Synth 8-638] synthesizing module 'MPG' [C:/Users/ioana/Vivado_pro/MIPS_UniCiclu/MIPS_UniCiclu.srcs/sources_1/new/MPG.vhd:22]
INFO: [Synth 8-256] done synthesizing module 'MPG' (3#1) [C:/Users/ioana/Vivado_pro/MIPS_UniCiclu/MIPS_UniCiclu.srcs/sources_1/new/MPG.vhd:22]
INFO: [Synth 8-3491] module 'MPG' declared at 'C:/Users/ioana/Vivado_pro/MIPS_UniCiclu/MIPS_UniCiclu.srcs/sources_1/new/MPG.vhd:16' bound to instance 'reset' of component 'MPG' [C:/Users/ioana/Vivado_pro/MIPS_UniCiclu/MIPS_UniCiclu.srcs/sources_1/new/Main.vhd:126]
INFO: [Synth 8-3491] module 'IDD' declared at 'C:/Users/ioana/Vivado_pro/MIPS_UniCiclu/MIPS_UniCiclu.srcs/sources_1/new/IDD.vhd:35' bound to instance 'decode' of component 'IDD' [C:/Users/ioana/Vivado_pro/MIPS_UniCiclu/MIPS_UniCiclu.srcs/sources_1/new/Main.vhd:127]
INFO: [Synth 8-638] synthesizing module 'IDD' [C:/Users/ioana/Vivado_pro/MIPS_UniCiclu/MIPS_UniCiclu.srcs/sources_1/new/IDD.vhd:50]
INFO: [Synth 8-3491] module 'RF' declared at 'C:/Users/ioana/Vivado_pro/MIPS_UniCiclu/MIPS_UniCiclu.srcs/sources_1/new/RF.vhd:35' bound to instance 'RegFile' of component 'RF' [C:/Users/ioana/Vivado_pro/MIPS_UniCiclu/MIPS_UniCiclu.srcs/sources_1/new/IDD.vhd:70]
INFO: [Synth 8-638] synthesizing module 'RF' [C:/Users/ioana/Vivado_pro/MIPS_UniCiclu/MIPS_UniCiclu.srcs/sources_1/new/RF.vhd:47]
INFO: [Synth 8-256] done synthesizing module 'RF' (4#1) [C:/Users/ioana/Vivado_pro/MIPS_UniCiclu/MIPS_UniCiclu.srcs/sources_1/new/RF.vhd:47]
WARNING: [Synth 8-614] signal 'Instr' is read in the process but is not in the sensitivity list [C:/Users/ioana/Vivado_pro/MIPS_UniCiclu/MIPS_UniCiclu.srcs/sources_1/new/IDD.vhd:75]
INFO: [Synth 8-256] done synthesizing module 'IDD' (5#1) [C:/Users/ioana/Vivado_pro/MIPS_UniCiclu/MIPS_UniCiclu.srcs/sources_1/new/IDD.vhd:50]
INFO: [Synth 8-3491] module 'UC' declared at 'C:/Users/ioana/Vivado_pro/MIPS_UniCiclu/MIPS_UniCiclu.srcs/sources_1/new/UC.vhd:35' bound to instance 'ucc' of component 'UC' [C:/Users/ioana/Vivado_pro/MIPS_UniCiclu/MIPS_UniCiclu.srcs/sources_1/new/Main.vhd:128]
INFO: [Synth 8-638] synthesizing module 'UC' [C:/Users/ioana/Vivado_pro/MIPS_UniCiclu/MIPS_UniCiclu.srcs/sources_1/new/UC.vhd:49]
INFO: [Synth 8-256] done synthesizing module 'UC' (6#1) [C:/Users/ioana/Vivado_pro/MIPS_UniCiclu/MIPS_UniCiclu.srcs/sources_1/new/UC.vhd:49]
INFO: [Synth 8-3491] module 'EXX' declared at 'C:/Users/ioana/Vivado_pro/MIPS_UniCiclu/MIPS_UniCiclu.srcs/sources_1/new/EXX.vhd:35' bound to instance 'ex' of component 'EXX' [C:/Users/ioana/Vivado_pro/MIPS_UniCiclu/MIPS_UniCiclu.srcs/sources_1/new/Main.vhd:129]
INFO: [Synth 8-638] synthesizing module 'EXX' [C:/Users/ioana/Vivado_pro/MIPS_UniCiclu/MIPS_UniCiclu.srcs/sources_1/new/EXX.vhd:49]
INFO: [Synth 8-226] default block is never used [C:/Users/ioana/Vivado_pro/MIPS_UniCiclu/MIPS_UniCiclu.srcs/sources_1/new/EXX.vhd:63]
WARNING: [Synth 8-614] signal 'RD1' is read in the process but is not in the sensitivity list [C:/Users/ioana/Vivado_pro/MIPS_UniCiclu/MIPS_UniCiclu.srcs/sources_1/new/EXX.vhd:83]
WARNING: [Synth 8-614] signal 'outMUX' is read in the process but is not in the sensitivity list [C:/Users/ioana/Vivado_pro/MIPS_UniCiclu/MIPS_UniCiclu.srcs/sources_1/new/EXX.vhd:83]
INFO: [Synth 8-256] done synthesizing module 'EXX' (7#1) [C:/Users/ioana/Vivado_pro/MIPS_UniCiclu/MIPS_UniCiclu.srcs/sources_1/new/EXX.vhd:49]
INFO: [Synth 8-3491] module 'MEM' declared at 'C:/Users/ioana/Vivado_pro/MIPS_UniCiclu/MIPS_UniCiclu.srcs/sources_1/new/MEM.vhd:34' bound to instance 'memo' of component 'MEM' [C:/Users/ioana/Vivado_pro/MIPS_UniCiclu/MIPS_UniCiclu.srcs/sources_1/new/Main.vhd:130]
INFO: [Synth 8-638] synthesizing module 'MEM' [C:/Users/ioana/Vivado_pro/MIPS_UniCiclu/MIPS_UniCiclu.srcs/sources_1/new/MEM.vhd:44]
INFO: [Synth 8-256] done synthesizing module 'MEM' (8#1) [C:/Users/ioana/Vivado_pro/MIPS_UniCiclu/MIPS_UniCiclu.srcs/sources_1/new/MEM.vhd:44]
WARNING: [Synth 8-614] signal 'out_iff' is read in the process but is not in the sensitivity list [C:/Users/ioana/Vivado_pro/MIPS_UniCiclu/MIPS_UniCiclu.srcs/sources_1/new/Main.vhd:132]
WARNING: [Synth 8-614] signal 'adr_pc' is read in the process but is not in the sensitivity list [C:/Users/ioana/Vivado_pro/MIPS_UniCiclu/MIPS_UniCiclu.srcs/sources_1/new/Main.vhd:132]
WARNING: [Synth 8-614] signal 'vrd1' is read in the process but is not in the sensitivity list [C:/Users/ioana/Vivado_pro/MIPS_UniCiclu/MIPS_UniCiclu.srcs/sources_1/new/Main.vhd:132]
WARNING: [Synth 8-614] signal 'vrd2' is read in the process but is not in the sensitivity list [C:/Users/ioana/Vivado_pro/MIPS_UniCiclu/MIPS_UniCiclu.srcs/sources_1/new/Main.vhd:132]
WARNING: [Synth 8-614] signal 'imm' is read in the process but is not in the sensitivity list [C:/Users/ioana/Vivado_pro/MIPS_UniCiclu/MIPS_UniCiclu.srcs/sources_1/new/Main.vhd:132]
WARNING: [Synth 8-614] signal 'aluresoutex' is read in the process but is not in the sensitivity list [C:/Users/ioana/Vivado_pro/MIPS_UniCiclu/MIPS_UniCiclu.srcs/sources_1/new/Main.vhd:132]
WARNING: [Synth 8-614] signal 'memdataoutmem' is read in the process but is not in the sensitivity list [C:/Users/ioana/Vivado_pro/MIPS_UniCiclu/MIPS_UniCiclu.srcs/sources_1/new/Main.vhd:132]
WARNING: [Synth 8-614] signal 'MUXFout' is read in the process but is not in the sensitivity list [C:/Users/ioana/Vivado_pro/MIPS_UniCiclu/MIPS_UniCiclu.srcs/sources_1/new/Main.vhd:132]
INFO: [Synth 8-256] done synthesizing module 'Main' (9#1) [C:/Users/ioana/Vivado_pro/MIPS_UniCiclu/MIPS_UniCiclu.srcs/sources_1/new/Main.vhd:24]
WARNING: [Synth 8-3917] design Main has port led[15] driven by constant 0
WARNING: [Synth 8-3917] design Main has port led[14] driven by constant 0
WARNING: [Synth 8-3917] design Main has port led[13] driven by constant 0
WARNING: [Synth 8-3917] design Main has port led[12] driven by constant 0
WARNING: [Synth 8-3917] design Main has port led[11] driven by constant 0
WARNING: [Synth 8-3331] design IDD has unconnected port Instr[15]
WARNING: [Synth 8-3331] design IDD has unconnected port Instr[14]
WARNING: [Synth 8-3331] design IDD has unconnected port Instr[13]
WARNING: [Synth 8-3331] design Main has unconnected port btn[4]
WARNING: [Synth 8-3331] design Main has unconnected port btn[3]
WARNING: [Synth 8-3331] design Main has unconnected port btn[2]
WARNING: [Synth 8-3331] design Main has unconnected port sw[15]
WARNING: [Synth 8-3331] design Main has unconnected port sw[14]
WARNING: [Synth 8-3331] design Main has unconnected port sw[13]
WARNING: [Synth 8-3331] design Main has unconnected port sw[12]
WARNING: [Synth 8-3331] design Main has unconnected port sw[11]
WARNING: [Synth 8-3331] design Main has unconnected port sw[10]
WARNING: [Synth 8-3331] design Main has unconnected port sw[9]
WARNING: [Synth 8-3331] design Main has unconnected port sw[8]
WARNING: [Synth 8-3331] design Main has unconnected port sw[4]
WARNING: [Synth 8-3331] design Main has unconnected port sw[3]
WARNING: [Synth 8-3331] design Main has unconnected port sw[2]
WARNING: [Synth 8-3331] design Main has unconnected port sw[1]
WARNING: [Synth 8-3331] design Main has unconnected port sw[0]
---------------------------------------------------------------------------------
Finished RTL Elaboration : Time (s): cpu = 00:00:02 ; elapsed = 00:00:08 . Memory (MB): peak = 319.660 ; gain = 109.289
---------------------------------------------------------------------------------

Report Check Netlist: 
+------+------------------+-------+---------+-------+------------------+
|      |Item              |Errors |Warnings |Status |Description       |
+------+------------------+-------+---------+-------+------------------+
|1     |multi_driven_nets |      0|        0|Passed |Multi driven nets |
+------+------------------+-------+---------+-------+------------------+
---------------------------------------------------------------------------------
Finished RTL Optimization Phase 1 : Time (s): cpu = 00:00:02 ; elapsed = 00:00:08 . Memory (MB): peak = 319.660 ; gain = 109.289
---------------------------------------------------------------------------------
INFO: [Device 21-403] Loading part xc7a35tcpg236-1
INFO: [Project 1-570] Preparing netlist for logic optimization

Processing XDC Constraints
Initializing timing engine
Parsing XDC File [C:/Users/ioana/Vivado_pro/MIPS_UniCiclu/MIPS_UniCiclu.srcs/constrs_1/new/Basys3_mipsUniciclu.xdc]
Finished Parsing XDC File [C:/Users/ioana/Vivado_pro/MIPS_UniCiclu/MIPS_UniCiclu.srcs/constrs_1/new/Basys3_mipsUniciclu.xdc]
INFO: [Project 1-236] Implementation specific constraints were found while reading constraint file [C:/Users/ioana/Vivado_pro/MIPS_UniCiclu/MIPS_UniCiclu.srcs/constrs_1/new/Basys3_mipsUniciclu.xdc]. These constraints will be ignored for synthesis but will be used in implementation. Impacted constraints are listed in the file [.Xil/Main_propImpl.xdc].
Resolution: To avoid this warning, move constraints listed in [.Xil/Main_propImpl.xdc] to another XDC file and exclude this new file from synthesis with the used_in_synthesis property (File Properties dialog in GUI) and re-run elaboration/synthesis.
Completed Processing XDC Constraints

INFO: [Project 1-111] Unisim Transformation Summary:
No Unisim elements were transformed.

Constraint Validation Runtime : Time (s): cpu = 00:00:00 ; elapsed = 00:00:00.005 . Memory (MB): peak = 610.977 ; gain = 0.000
---------------------------------------------------------------------------------
Finished Constraint Validation : Time (s): cpu = 00:00:04 ; elapsed = 00:00:14 . Memory (MB): peak = 610.977 ; gain = 400.605
---------------------------------------------------------------------------------
---------------------------------------------------------------------------------
Start Loading Part and Timing Information
---------------------------------------------------------------------------------
Loading part: xc7a35tcpg236-1
---------------------------------------------------------------------------------
Finished Loading Part and Timing Information : Time (s): cpu = 00:00:04 ; elapsed = 00:00:14 . Memory (MB): peak = 610.977 ; gain = 400.605
---------------------------------------------------------------------------------
---------------------------------------------------------------------------------
Start Applying 'set_property' XDC Constraints
---------------------------------------------------------------------------------
---------------------------------------------------------------------------------
Finished applying 'set_property' XDC Constraints : Time (s): cpu = 00:00:04 ; elapsed = 00:00:14 . Memory (MB): peak = 610.977 ; gain = 400.605
---------------------------------------------------------------------------------
INFO: [Synth 8-5546] ROM "rom" won't be mapped to RAM because it is too sparse
INFO: [Synth 8-5818] HDL ADVISOR - The operator resource <adder> is shared. To prevent sharing consider applying a KEEP on the output of the operator [C:/Users/ioana/Vivado_pro/MIPS_UniCiclu/MIPS_UniCiclu.srcs/sources_1/new/EXX.vhd:85]
---------------------------------------------------------------------------------
Finished RTL Optimization Phase 2 : Time (s): cpu = 00:00:04 ; elapsed = 00:00:14 . Memory (MB): peak = 610.977 ; gain = 400.605
---------------------------------------------------------------------------------

Report RTL Partitions: 
+-+--------------+------------+----------+
| |RTL Partition |Replication |Instances |
+-+--------------+------------+----------+
+-+--------------+------------+----------+
---------------------------------------------------------------------------------
Start RTL Component Statistics 
---------------------------------------------------------------------------------
Detailed RTL Component Info : 
+---Adders : 
	   2 Input     16 Bit       Adders := 2     
	   3 Input     16 Bit       Adders := 1     
+---XORs : 
	   2 Input     16 Bit         XORs := 1     
+---Registers : 
	               16 Bit    Registers := 1     
	                1 Bit    Registers := 6     
+---RAMs : 
	              256 Bit         RAMs := 1     
	              128 Bit         RAMs := 1     
+---Muxes : 
	 257 Input     16 Bit        Muxes := 1     
	   2 Input     16 Bit        Muxes := 9     
	   8 Input     16 Bit        Muxes := 2     
	   4 Input      4 Bit        Muxes := 2     
	   2 Input      3 Bit        Muxes := 1     
	   8 Input      3 Bit        Muxes := 1     
	  13 Input      3 Bit        Muxes := 1     
	   9 Input      3 Bit        Muxes := 1     
	   8 Input      1 Bit        Muxes := 8     
---------------------------------------------------------------------------------
Finished RTL Component Statistics 
---------------------------------------------------------------------------------
---------------------------------------------------------------------------------
Start RTL Hierarchical Component Statistics 
---------------------------------------------------------------------------------
Hierarchical RTL Component report 
Module Main 
Detailed RTL Component Info : 
+---Muxes : 
	   2 Input     16 Bit        Muxes := 1     
Module IFF 
Detailed RTL Component Info : 
+---Adders : 
	   2 Input     16 Bit       Adders := 1     
+---Registers : 
	               16 Bit    Registers := 1     
+---Muxes : 
	 257 Input     16 Bit        Muxes := 1     
	   2 Input     16 Bit        Muxes := 2     
Module SSD 
Detailed RTL Component Info : 
+---Muxes : 
	   4 Input      4 Bit        Muxes := 2     
Module MPG 
Detailed RTL Component Info : 
+---Registers : 
	                1 Bit    Registers := 3     
Module RF 
Detailed RTL Component Info : 
+---RAMs : 
	              128 Bit         RAMs := 1     
Module IDD 
Detailed RTL Component Info : 
+---Muxes : 
	   2 Input     16 Bit        Muxes := 2     
	   2 Input      3 Bit        Muxes := 1     
Module UC 
Detailed RTL Component Info : 
+---Muxes : 
	   8 Input      3 Bit        Muxes := 1     
	   8 Input      1 Bit        Muxes := 8     
Module EXX 
Detailed RTL Component Info : 
+---Adders : 
	   3 Input     16 Bit       Adders := 1     
	   2 Input     16 Bit       Adders := 1     
+---XORs : 
	   2 Input     16 Bit         XORs := 1     
+---Muxes : 
	   2 Input     16 Bit        Muxes := 4     
	   8 Input     16 Bit        Muxes := 2     
	  13 Input      3 Bit        Muxes := 1     
	   9 Input      3 Bit        Muxes := 1     
Module MEM 
Detailed RTL Component Info : 
+---RAMs : 
	              256 Bit         RAMs := 1     
---------------------------------------------------------------------------------
Finished RTL Hierarchical Component Statistics
---------------------------------------------------------------------------------
---------------------------------------------------------------------------------
Start Part Resource Summary
---------------------------------------------------------------------------------
Part Resources:
DSPs: 90 (col length:60)
BRAMs: 100 (col length: RAMB18 60 RAMB36 30)
---------------------------------------------------------------------------------
Finished Part Resource Summary
---------------------------------------------------------------------------------
---------------------------------------------------------------------------------
Start Cross Boundary and Area Optimization
---------------------------------------------------------------------------------
WARNING: [Synth 8-3917] design Main has port led[15] driven by constant 0
WARNING: [Synth 8-3917] design Main has port led[14] driven by constant 0
WARNING: [Synth 8-3917] design Main has port led[13] driven by constant 0
WARNING: [Synth 8-3917] design Main has port led[12] driven by constant 0
WARNING: [Synth 8-3917] design Main has port led[11] driven by constant 0
WARNING: [Synth 8-3331] design Main has unconnected port btn[4]
WARNING: [Synth 8-3331] design Main has unconnected port btn[3]
WARNING: [Synth 8-3331] design Main has unconnected port btn[2]
WARNING: [Synth 8-3331] design Main has unconnected port sw[15]
WARNING: [Synth 8-3331] design Main has unconnected port sw[14]
WARNING: [Synth 8-3331] design Main has unconnected port sw[13]
WARNING: [Synth 8-3331] design Main has unconnected port sw[12]
WARNING: [Synth 8-3331] design Main has unconnected port sw[11]
WARNING: [Synth 8-3331] design Main has unconnected port sw[10]
WARNING: [Synth 8-3331] design Main has unconnected port sw[9]
WARNING: [Synth 8-3331] design Main has unconnected port sw[8]
WARNING: [Synth 8-3331] design Main has unconnected port sw[4]
WARNING: [Synth 8-3331] design Main has unconnected port sw[3]
WARNING: [Synth 8-3331] design Main has unconnected port sw[2]
WARNING: [Synth 8-3331] design Main has unconnected port sw[1]
WARNING: [Synth 8-3331] design Main has unconnected port sw[0]
---------------------------------------------------------------------------------
Finished Cross Boundary and Area Optimization : Time (s): cpu = 00:00:05 ; elapsed = 00:00:17 . Memory (MB): peak = 610.977 ; gain = 400.605
---------------------------------------------------------------------------------
---------------------------------------------------------------------------------
Start ROM, RAM, DSP and Shift Register Reporting
---------------------------------------------------------------------------------

Distributed RAM: Preliminary Mapping  Report (see note below)
+------------+-------------------------+-----------+----------------------+-----------------+
|Module Name | RTL Object              | Inference | Size (Depth x Width) | Primitives      | 
+------------+-------------------------+-----------+----------------------+-----------------+
|Main        | decode/RegFile/myRF_reg | Implied   | 8 x 16               | RAM32M x 6      | 
|Main        | memo/RAM_reg            | Implied   | 16 x 16              | RAM16X1S x 16   | 
+------------+-------------------------+-----------+----------------------+-----------------+

Note: The table above is a preliminary report that shows the Distributed RAMs at the current stage of the synthesis flow. Some Distributed RAMs may be reimplemented as non Distributed RAM primitives later in the synthesis flow. Multiple instantiated RAMs are reported only once.
---------------------------------------------------------------------------------
Finished ROM, RAM, DSP and Shift Register Reporting
---------------------------------------------------------------------------------

Report RTL Partitions: 
+-+--------------+------------+----------+
| |RTL Partition |Replication |Instances |
+-+--------------+------------+----------+
+-+--------------+------------+----------+
---------------------------------------------------------------------------------
Start Timing Optimization
---------------------------------------------------------------------------------
---------------------------------------------------------------------------------
Start Applying XDC Timing Constraints
---------------------------------------------------------------------------------
---------------------------------------------------------------------------------
Finished Applying XDC Timing Constraints : Time (s): cpu = 00:00:08 ; elapsed = 00:00:24 . Memory (MB): peak = 610.977 ; gain = 400.605
---------------------------------------------------------------------------------
---------------------------------------------------------------------------------
Finished Timing Optimization : Time (s): cpu = 00:00:08 ; elapsed = 00:00:24 . Memory (MB): peak = 610.977 ; gain = 400.605
---------------------------------------------------------------------------------

Report RTL Partitions: 
+-+--------------+------------+----------+
| |RTL Partition |Replication |Instances |
+-+--------------+------------+----------+
+-+--------------+------------+----------+
---------------------------------------------------------------------------------
Start Technology Mapping
---------------------------------------------------------------------------------
---------------------------------------------------------------------------------
Finished Technology Mapping : Time (s): cpu = 00:00:09 ; elapsed = 00:00:24 . Memory (MB): peak = 618.074 ; gain = 407.703
---------------------------------------------------------------------------------

Report RTL Partitions: 
+-+--------------+------------+----------+
| |RTL Partition |Replication |Instances |
+-+--------------+------------+----------+
+-+--------------+------------+----------+
---------------------------------------------------------------------------------
Start IO Insertion
---------------------------------------------------------------------------------
---------------------------------------------------------------------------------
Start Flattening Before IO Insertion
---------------------------------------------------------------------------------
---------------------------------------------------------------------------------
Finished Flattening Before IO Insertion
---------------------------------------------------------------------------------
---------------------------------------------------------------------------------
Start Final Netlist Cleanup
---------------------------------------------------------------------------------
---------------------------------------------------------------------------------
Finished Final Netlist Cleanup
---------------------------------------------------------------------------------
---------------------------------------------------------------------------------
Finished IO Insertion : Time (s): cpu = 00:00:09 ; elapsed = 00:00:24 . Memory (MB): peak = 618.074 ; gain = 407.703
---------------------------------------------------------------------------------

Report Check Netlist: 
+------+------------------+-------+---------+-------+------------------+
|      |Item              |Errors |Warnings |Status |Description       |
+------+------------------+-------+---------+-------+------------------+
|1     |multi_driven_nets |      0|        0|Passed |Multi driven nets |
+------+------------------+-------+---------+-------+------------------+
---------------------------------------------------------------------------------
Start Renaming Generated Instances
---------------------------------------------------------------------------------
---------------------------------------------------------------------------------
Finished Renaming Generated Instances : Time (s): cpu = 00:00:09 ; elapsed = 00:00:24 . Memory (MB): peak = 618.074 ; gain = 407.703
---------------------------------------------------------------------------------

Report RTL Partitions: 
+-+--------------+------------+----------+
| |RTL Partition |Replication |Instances |
+-+--------------+------------+----------+
+-+--------------+------------+----------+
---------------------------------------------------------------------------------
Start Rebuilding User Hierarchy
---------------------------------------------------------------------------------
---------------------------------------------------------------------------------
Finished Rebuilding User Hierarchy : Time (s): cpu = 00:00:09 ; elapsed = 00:00:24 . Memory (MB): peak = 618.074 ; gain = 407.703
---------------------------------------------------------------------------------
---------------------------------------------------------------------------------
Start Renaming Generated Ports
---------------------------------------------------------------------------------
---------------------------------------------------------------------------------
Finished Renaming Generated Ports : Time (s): cpu = 00:00:09 ; elapsed = 00:00:24 . Memory (MB): peak = 618.074 ; gain = 407.703
---------------------------------------------------------------------------------
---------------------------------------------------------------------------------
Start Handling Custom Attributes
---------------------------------------------------------------------------------
---------------------------------------------------------------------------------
Finished Handling Custom Attributes : Time (s): cpu = 00:00:09 ; elapsed = 00:00:24 . Memory (MB): peak = 618.074 ; gain = 407.703
---------------------------------------------------------------------------------
---------------------------------------------------------------------------------
Start Renaming Generated Nets
---------------------------------------------------------------------------------
---------------------------------------------------------------------------------
Finished Renaming Generated Nets : Time (s): cpu = 00:00:09 ; elapsed = 00:00:24 . Memory (MB): peak = 618.074 ; gain = 407.703
---------------------------------------------------------------------------------
---------------------------------------------------------------------------------
Start Writing Synthesis Report
---------------------------------------------------------------------------------

Report BlackBoxes: 
+-+--------------+----------+
| |BlackBox name |Instances |
+-+--------------+----------+
+-+--------------+----------+

Report Cell Usage: 
+------+---------+------+
|      |Cell     |Count |
+------+---------+------+
|1     |BUFG     |     1|
|2     |CARRY4   |    18|
|3     |LUT1     |    47|
|4     |LUT2     |    10|
|5     |LUT3     |    17|
|6     |LUT4     |    33|
|7     |LUT5     |    49|
|8     |LUT6     |    65|
|9     |RAM16X1S |    16|
|10    |RAM32M   |     6|
|11    |FDRE     |    46|
|12    |IBUF     |     6|
|13    |OBUF     |    27|
+------+---------+------+

Report Instance Areas: 
+------+------------+-------+------+
|      |Instance    |Module |Cells |
+------+------------+-------+------+
|1     |top         |       |   341|
|2     |  afis      |SSD    |    62|
|3     |  ciff      |IFF    |   174|
|4     |  clock     |MPG    |     4|
|5     |  decode    |IDD    |    32|
|6     |    RegFile |RF     |    32|
|7     |  ex        |EXX    |    10|
|8     |  memo      |MEM    |    21|
|9     |  reset     |MPG_0  |     4|
+------+------------+-------+------+
---------------------------------------------------------------------------------
Finished Writing Synthesis Report : Time (s): cpu = 00:00:09 ; elapsed = 00:00:24 . Memory (MB): peak = 618.074 ; gain = 407.703
---------------------------------------------------------------------------------
Synthesis finished with 0 errors, 0 critical warnings and 21 warnings.
Synthesis Optimization Runtime : Time (s): cpu = 00:00:06 ; elapsed = 00:00:16 . Memory (MB): peak = 618.074 ; gain = 116.387
Synthesis Optimization Complete : Time (s): cpu = 00:00:09 ; elapsed = 00:00:24 . Memory (MB): peak = 618.074 ; gain = 407.703
INFO: [Project 1-571] Translating synthesized netlist
INFO: [Netlist 29-17] Analyzing 46 Unisim elements for replacement
INFO: [Netlist 29-28] Unisim Transformation completed in 0 CPU seconds
INFO: [Project 1-570] Preparing netlist for logic optimization
INFO: [Opt 31-138] Pushed 0 inverter(s) to 0 load pin(s).
INFO: [Project 1-111] Unisim Transformation Summary:
  A total of 22 instances were transformed.
  RAM16X1S => RAM32X1S (RAMS32): 16 instances
  RAM32M => RAM32M (RAMD32, RAMD32, RAMD32, RAMD32, RAMD32, RAMD32, RAMS32, RAMS32): 6 instances

INFO: [Common 17-83] Releasing license: Synthesis
53 Infos, 56 Warnings, 0 Critical Warnings and 0 Errors encountered.
synth_design completed successfully
synth_design: Time (s): cpu = 00:00:08 ; elapsed = 00:00:21 . Memory (MB): peak = 618.074 ; gain = 407.703
INFO: [Common 17-1381] The checkpoint 'C:/Users/ioana/Vivado_pro/MIPS_UniCiclu/MIPS_UniCiclu.runs/synth_1/Main.dcp' has been generated.
report_utilization: Time (s): cpu = 00:00:00 ; elapsed = 00:00:00.014 . Memory (MB): peak = 618.074 ; gain = 0.000
INFO: [Common 17-206] Exiting Vivado at Wed Apr 19 20:58:12 2023...
